<?xml version="1.0" encoding="UTF-8"?>
<testsuite xmlns:xsi="http://www.w3.org/2001/XMLSchema-instance" xsi:noNamespaceSchemaLocation="https://maven.apache.org/surefire/maven-surefire-plugin/xsd/surefire-test-report.xsd" name="com.example.digishopkart.DigiShopKartApplicationTests" time="6.599" tests="1" errors="0" skipped="0" failures="0">
  <properties>
    <property name="java.specification.version" value="17"/>
    <property name="sun.jnu.encoding" value="UTF-8"/>
    <property name="java.class.path" value="/home/ajay/Documents/Project Training/Frameworks/DigiShopKart/target/test-classes:/home/ajay/Documents/Project Training/Frameworks/DigiShopKart/target/classes:/home/ajay/Documents/Project Training/MyLocalRepository/org/springframework/boot/spring-boot-starter-data-jpa/2.7.8/spring-boot-starter-data-jpa-2.7.8.jar:/home/ajay/Documents/Project Training/MyLocalRepository/org/springframework/boot/spring-boot-starter-aop/2.7.8/spring-boot-starter-aop-2.7.8.jar:/home/ajay/Documents/Project Training/MyLocalRepository/org/springframework/spring-aop/5.3.25/spring-aop-5.3.25.jar:/home/ajay/Documents/Project Training/MyLocalRepository/org/aspectj/aspectjweaver/1.9.7/aspectjweaver-1.9.7.jar:/home/ajay/Documents/Project Training/MyLocalRepository/org/springframework/boot/spring-boot-starter-jdbc/2.7.8/spring-boot-starter-jdbc-2.7.8.jar:/home/ajay/Documents/Project Training/MyLocalRepository/com/zaxxer/HikariCP/4.0.3/HikariCP-4.0.3.jar:/home/ajay/Documents/Project Training/MyLocalRepository/org/springframework/spring-jdbc/5.3.25/spring-jdbc-5.3.25.jar:/home/ajay/Documents/Project Training/MyLocalRepository/jakarta/transaction/jakarta.transaction-api/1.3.3/jakarta.transaction-api-1.3.3.jar:/home/ajay/Documents/Project Training/MyLocalRepository/jakarta/persistence/jakarta.persistence-api/2.2.3/jakarta.persistence-api-2.2.3.jar:/home/ajay/Documents/Project Training/MyLocalRepository/org/hibernate/hibernate-core/5.6.14.Final/hibernate-core-5.6.14.Final.jar:/home/ajay/Documents/Project Training/MyLocalRepository/org/jboss/logging/jboss-logging/3.4.3.Final/jboss-logging-3.4.3.Final.jar:/home/ajay/Documents/Project Training/MyLocalRepository/net/bytebuddy/byte-buddy/1.12.22/byte-buddy-1.12.22.jar:/home/ajay/Documents/Project Training/MyLocalRepository/antlr/antlr/2.7.7/antlr-2.7.7.jar:/home/ajay/Documents/Project Training/MyLocalRepository/org/jboss/jandex/2.4.2.Final/jandex-2.4.2.Final.jar:/home/ajay/Documents/Project Training/MyLocalRepository/org/hibernate/common/hibernate-commons-annotations/5.1.2.Final/hibernate-commons-annotations-5.1.2.Final.jar:/home/ajay/Documents/Project Training/MyLocalRepository/org/glassfish/jaxb/jaxb-runtime/2.3.7/jaxb-runtime-2.3.7.jar:/home/ajay/Documents/Project Training/MyLocalRepository/org/glassfish/jaxb/txw2/2.3.7/txw2-2.3.7.jar:/home/ajay/Documents/Project Training/MyLocalRepository/com/sun/istack/istack-commons-runtime/3.0.12/istack-commons-runtime-3.0.12.jar:/home/ajay/Documents/Project Training/MyLocalRepository/com/sun/activation/jakarta.activation/1.2.2/jakarta.activation-1.2.2.jar:/home/ajay/Documents/Project Training/MyLocalRepository/org/springframework/data/spring-data-jpa/2.7.7/spring-data-jpa-2.7.7.jar:/home/ajay/Documents/Project Training/MyLocalRepository/org/springframework/data/spring-data-commons/2.7.7/spring-data-commons-2.7.7.jar:/home/ajay/Documents/Project Training/MyLocalRepository/org/springframework/spring-orm/5.3.25/spring-orm-5.3.25.jar:/home/ajay/Documents/Project Training/MyLocalRepository/org/springframework/spring-context/5.3.25/spring-context-5.3.25.jar:/home/ajay/Documents/Project Training/MyLocalRepository/org/springframework/spring-tx/5.3.25/spring-tx-5.3.25.jar:/home/ajay/Documents/Project Training/MyLocalRepository/org/springframework/spring-beans/5.3.25/spring-beans-5.3.25.jar:/home/ajay/Documents/Project Training/MyLocalRepository/org/springframework/spring-aspects/5.3.25/spring-aspects-5.3.25.jar:/home/ajay/Documents/Project Training/MyLocalRepository/org/springframework/boot/spring-boot-starter-web/2.7.8/spring-boot-starter-web-2.7.8.jar:/home/ajay/Documents/Project Training/MyLocalRepository/org/springframework/boot/spring-boot-starter/2.7.8/spring-boot-starter-2.7.8.jar:/home/ajay/Documents/Project Training/MyLocalRepository/org/springframework/boot/spring-boot-starter-logging/2.7.8/spring-boot-starter-logging-2.7.8.jar:/home/ajay/Documents/Project Training/MyLocalRepository/ch/qos/logback/logback-classic/1.2.11/logback-classic-1.2.11.jar:/home/ajay/Documents/Project Training/MyLocalRepository/ch/qos/logback/logback-core/1.2.11/logback-core-1.2.11.jar:/home/ajay/Documents/Project Training/MyLocalRepository/org/apache/logging/log4j/log4j-to-slf4j/2.17.2/log4j-to-slf4j-2.17.2.jar:/home/ajay/Documents/Project Training/MyLocalRepository/org/apache/logging/log4j/log4j-api/2.17.2/log4j-api-2.17.2.jar:/home/ajay/Documents/Project Training/MyLocalRepository/org/slf4j/jul-to-slf4j/1.7.36/jul-to-slf4j-1.7.36.jar:/home/ajay/Documents/Project Training/MyLocalRepository/jakarta/annotation/jakarta.annotation-api/1.3.5/jakarta.annotation-api-1.3.5.jar:/home/ajay/Documents/Project Training/MyLocalRepository/org/yaml/snakeyaml/1.30/snakeyaml-1.30.jar:/home/ajay/Documents/Project Training/MyLocalRepository/org/springframework/boot/spring-boot-starter-json/2.7.8/spring-boot-starter-json-2.7.8.jar:/home/ajay/Documents/Project Training/MyLocalRepository/com/fasterxml/jackson/core/jackson-databind/2.13.4.2/jackson-databind-2.13.4.2.jar:/home/ajay/Documents/Project Training/MyLocalRepository/com/fasterxml/jackson/datatype/jackson-datatype-jdk8/2.13.4/jackson-datatype-jdk8-2.13.4.jar:/home/ajay/Documents/Project Training/MyLocalRepository/com/fasterxml/jackson/datatype/jackson-datatype-jsr310/2.13.4/jackson-datatype-jsr310-2.13.4.jar:/home/ajay/Documents/Project Training/MyLocalRepository/com/fasterxml/jackson/module/jackson-module-parameter-names/2.13.4/jackson-module-parameter-names-2.13.4.jar:/home/ajay/Documents/Project Training/MyLocalRepository/org/springframework/boot/spring-boot-starter-tomcat/2.7.8/spring-boot-starter-tomcat-2.7.8.jar:/home/ajay/Documents/Project Training/MyLocalRepository/org/apache/tomcat/embed/tomcat-embed-core/9.0.71/tomcat-embed-core-9.0.71.jar:/home/ajay/Documents/Project Training/MyLocalRepository/org/apache/tomcat/embed/tomcat-embed-el/9.0.71/tomcat-embed-el-9.0.71.jar:/home/ajay/Documents/Project Training/MyLocalRepository/org/apache/tomcat/embed/tomcat-embed-websocket/9.0.71/tomcat-embed-websocket-9.0.71.jar:/home/ajay/Documents/Project Training/MyLocalRepository/org/springframework/spring-web/5.3.25/spring-web-5.3.25.jar:/home/ajay/Documents/Project Training/MyLocalRepository/org/springframework/spring-webmvc/5.3.25/spring-webmvc-5.3.25.jar:/home/ajay/Documents/Project Training/MyLocalRepository/org/springframework/spring-expression/5.3.25/spring-expression-5.3.25.jar:/home/ajay/Documents/Project Training/MyLocalRepository/org/springframework/boot/spring-boot-devtools/2.7.8/spring-boot-devtools-2.7.8.jar:/home/ajay/Documents/Project Training/MyLocalRepository/org/springframework/boot/spring-boot/2.7.8/spring-boot-2.7.8.jar:/home/ajay/Documents/Project Training/MyLocalRepository/org/springframework/boot/spring-boot-autoconfigure/2.7.8/spring-boot-autoconfigure-2.7.8.jar:/home/ajay/Documents/Project Training/MyLocalRepository/com/mysql/mysql-connector-j/8.0.32/mysql-connector-j-8.0.32.jar:/home/ajay/Documents/Project Training/MyLocalRepository/org/projectlombok/lombok/1.18.24/lombok-1.18.24.jar:/home/ajay/Documents/Project Training/MyLocalRepository/org/springframework/boot/spring-boot-starter-test/2.7.8/spring-boot-starter-test-2.7.8.jar:/home/ajay/Documents/Project Training/MyLocalRepository/org/springframework/boot/spring-boot-test/2.7.8/spring-boot-test-2.7.8.jar:/home/ajay/Documents/Project Training/MyLocalRepository/org/springframework/boot/spring-boot-test-autoconfigure/2.7.8/spring-boot-test-autoconfigure-2.7.8.jar:/home/ajay/Documents/Project Training/MyLocalRepository/com/jayway/jsonpath/json-path/2.7.0/json-path-2.7.0.jar:/home/ajay/Documents/Project Training/MyLocalRepository/net/minidev/json-smart/2.4.8/json-smart-2.4.8.jar:/home/ajay/Documents/Project Training/MyLocalRepository/net/minidev/accessors-smart/2.4.8/accessors-smart-2.4.8.jar:/home/ajay/Documents/Project Training/MyLocalRepository/org/ow2/asm/asm/9.1/asm-9.1.jar:/home/ajay/Documents/Project Training/MyLocalRepository/jakarta/xml/bind/jakarta.xml.bind-api/2.3.3/jakarta.xml.bind-api-2.3.3.jar:/home/ajay/Documents/Project Training/MyLocalRepository/jakarta/activation/jakarta.activation-api/1.2.2/jakarta.activation-api-1.2.2.jar:/home/ajay/Documents/Project Training/MyLocalRepository/org/assertj/assertj-core/3.22.0/assertj-core-3.22.0.jar:/home/ajay/Documents/Project Training/MyLocalRepository/org/hamcrest/hamcrest/2.2/hamcrest-2.2.jar:/home/ajay/Documents/Project Training/MyLocalRepository/org/junit/jupiter/junit-jupiter/5.8.2/junit-jupiter-5.8.2.jar:/home/ajay/Documents/Project Training/MyLocalRepository/org/junit/jupiter/junit-jupiter-api/5.8.2/junit-jupiter-api-5.8.2.jar:/home/ajay/Documents/Project Training/MyLocalRepository/org/opentest4j/opentest4j/1.2.0/opentest4j-1.2.0.jar:/home/ajay/Documents/Project Training/MyLocalRepository/org/junit/platform/junit-platform-commons/1.8.2/junit-platform-commons-1.8.2.jar:/home/ajay/Documents/Project Training/MyLocalRepository/org/apiguardian/apiguardian-api/1.1.2/apiguardian-api-1.1.2.jar:/home/ajay/Documents/Project Training/MyLocalRepository/org/junit/jupiter/junit-jupiter-params/5.8.2/junit-jupiter-params-5.8.2.jar:/home/ajay/Documents/Project Training/MyLocalRepository/org/junit/jupiter/junit-jupiter-engine/5.8.2/junit-jupiter-engine-5.8.2.jar:/home/ajay/Documents/Project Training/MyLocalRepository/org/junit/platform/junit-platform-engine/1.8.2/junit-platform-engine-1.8.2.jar:/home/ajay/Documents/Project Training/MyLocalRepository/org/mockito/mockito-core/4.5.1/mockito-core-4.5.1.jar:/home/ajay/Documents/Project Training/MyLocalRepository/net/bytebuddy/byte-buddy-agent/1.12.22/byte-buddy-agent-1.12.22.jar:/home/ajay/Documents/Project Training/MyLocalRepository/org/objenesis/objenesis/3.2/objenesis-3.2.jar:/home/ajay/Documents/Project Training/MyLocalRepository/org/mockito/mockito-junit-jupiter/4.5.1/mockito-junit-jupiter-4.5.1.jar:/home/ajay/Documents/Project Training/MyLocalRepository/org/skyscreamer/jsonassert/1.5.1/jsonassert-1.5.1.jar:/home/ajay/Documents/Project Training/MyLocalRepository/com/vaadin/external/google/android-json/0.0.20131108.vaadin1/android-json-0.0.20131108.vaadin1.jar:/home/ajay/Documents/Project Training/MyLocalRepository/org/springframework/spring-core/5.3.25/spring-core-5.3.25.jar:/home/ajay/Documents/Project Training/MyLocalRepository/org/springframework/spring-jcl/5.3.25/spring-jcl-5.3.25.jar:/home/ajay/Documents/Project Training/MyLocalRepository/org/springframework/spring-test/5.3.25/spring-test-5.3.25.jar:/home/ajay/Documents/Project Training/MyLocalRepository/org/xmlunit/xmlunit-core/2.9.1/xmlunit-core-2.9.1.jar:/home/ajay/Documents/Project Training/MyLocalRepository/io/springfox/springfox-swagger2/3.0.0/springfox-swagger2-3.0.0.jar:/home/ajay/Documents/Project Training/MyLocalRepository/io/springfox/springfox-spi/3.0.0/springfox-spi-3.0.0.jar:/home/ajay/Documents/Project Training/MyLocalRepository/io/springfox/springfox-core/3.0.0/springfox-core-3.0.0.jar:/home/ajay/Documents/Project Training/MyLocalRepository/io/springfox/springfox-schema/3.0.0/springfox-schema-3.0.0.jar:/home/ajay/Documents/Project Training/MyLocalRepository/io/springfox/springfox-swagger-common/3.0.0/springfox-swagger-common-3.0.0.jar:/home/ajay/Documents/Project Training/MyLocalRepository/io/swagger/core/v3/swagger-annotations/2.1.2/swagger-annotations-2.1.2.jar:/home/ajay/Documents/Project Training/MyLocalRepository/io/springfox/springfox-spring-web/3.0.0/springfox-spring-web-3.0.0.jar:/home/ajay/Documents/Project Training/MyLocalRepository/io/github/classgraph/classgraph/4.8.83/classgraph-4.8.83.jar:/home/ajay/Documents/Project Training/MyLocalRepository/io/springfox/springfox-spring-webmvc/3.0.0/springfox-spring-webmvc-3.0.0.jar:/home/ajay/Documents/Project Training/MyLocalRepository/io/springfox/springfox-spring-webflux/3.0.0/springfox-spring-webflux-3.0.0.jar:/home/ajay/Documents/Project Training/MyLocalRepository/com/fasterxml/classmate/1.5.1/classmate-1.5.1.jar:/home/ajay/Documents/Project Training/MyLocalRepository/org/slf4j/slf4j-api/1.7.36/slf4j-api-1.7.36.jar:/home/ajay/Documents/Project Training/MyLocalRepository/org/springframework/plugin/spring-plugin-core/2.0.0.RELEASE/spring-plugin-core-2.0.0.RELEASE.jar:/home/ajay/Documents/Project Training/MyLocalRepository/org/springframework/plugin/spring-plugin-metadata/2.0.0.RELEASE/spring-plugin-metadata-2.0.0.RELEASE.jar:/home/ajay/Documents/Project Training/MyLocalRepository/io/swagger/swagger-annotations/1.5.20/swagger-annotations-1.5.20.jar:/home/ajay/Documents/Project Training/MyLocalRepository/io/swagger/swagger-models/1.5.20/swagger-models-1.5.20.jar:/home/ajay/Documents/Project Training/MyLocalRepository/com/fasterxml/jackson/core/jackson-annotations/2.13.4/jackson-annotations-2.13.4.jar:/home/ajay/Documents/Project Training/MyLocalRepository/io/springfox/springfox-boot-starter/3.0.0/springfox-boot-starter-3.0.0.jar:/home/ajay/Documents/Project Training/MyLocalRepository/io/springfox/springfox-oas/3.0.0/springfox-oas-3.0.0.jar:/home/ajay/Documents/Project Training/MyLocalRepository/io/swagger/core/v3/swagger-models/2.1.2/swagger-models-2.1.2.jar:/home/ajay/Documents/Project Training/MyLocalRepository/io/springfox/springfox-data-rest/3.0.0/springfox-data-rest-3.0.0.jar:/home/ajay/Documents/Project Training/MyLocalRepository/io/springfox/springfox-swagger-ui/3.0.0/springfox-swagger-ui-3.0.0.jar:/home/ajay/Documents/Project Training/MyLocalRepository/io/springfox/springfox-bean-validators/2.9.2/springfox-bean-validators-2.9.2.jar:/home/ajay/Documents/Project Training/MyLocalRepository/com/google/guava/guava/20.0/guava-20.0.jar:/home/ajay/Documents/Project Training/MyLocalRepository/org/openapitools/openapi-generator-maven-plugin/5.1.0/openapi-generator-maven-plugin-5.1.0.jar:/home/ajay/Documents/Project Training/MyLocalRepository/org/sonatype/plexus/plexus-build-api/0.0.7/plexus-build-api-0.0.7.jar:/home/ajay/Documents/Project Training/MyLocalRepository/org/codehaus/plexus/plexus-utils/1.5.8/plexus-utils-1.5.8.jar:/home/ajay/Documents/Project Training/MyLocalRepository/org/apache/maven/maven-core/3.3.1/maven-core-3.3.1.jar:/home/ajay/Documents/Project Training/MyLocalRepository/org/apache/maven/maven-model/3.3.1/maven-model-3.3.1.jar:/home/ajay/Documents/Project Training/MyLocalRepository/org/apache/maven/maven-settings/3.3.1/maven-settings-3.3.1.jar:/home/ajay/Documents/Project Training/MyLocalRepository/org/apache/maven/maven-settings-builder/3.3.1/maven-settings-builder-3.3.1.jar:/home/ajay/Documents/Project Training/MyLocalRepository/org/apache/maven/maven-builder-support/3.3.1/maven-builder-support-3.3.1.jar:/home/ajay/Documents/Project Training/MyLocalRepository/org/apache/maven/maven-repository-metadata/3.3.1/maven-repository-metadata-3.3.1.jar:/home/ajay/Documents/Project Training/MyLocalRepository/org/apache/maven/maven-artifact/3.3.1/maven-artifact-3.3.1.jar:/home/ajay/Documents/Project Training/MyLocalRepository/org/apache/maven/maven-model-builder/3.3.1/maven-model-builder-3.3.1.jar:/home/ajay/Documents/Project Training/MyLocalRepository/org/apache/maven/maven-aether-provider/3.3.1/maven-aether-provider-3.3.1.jar:/home/ajay/Documents/Project Training/MyLocalRepository/org/eclipse/aether/aether-spi/1.0.2.v20150114/aether-spi-1.0.2.v20150114.jar:/home/ajay/Documents/Project Training/MyLocalRepository/org/eclipse/aether/aether-impl/1.0.2.v20150114/aether-impl-1.0.2.v20150114.jar:/home/ajay/Documents/Project Training/MyLocalRepository/org/eclipse/aether/aether-api/1.0.2.v20150114/aether-api-1.0.2.v20150114.jar:/home/ajay/Documents/Project Training/MyLocalRepository/org/eclipse/aether/aether-util/1.0.2.v20150114/aether-util-1.0.2.v20150114.jar:/home/ajay/Documents/Project Training/MyLocalRepository/org/eclipse/sisu/org.eclipse.sisu.plexus/0.3.0/org.eclipse.sisu.plexus-0.3.0.jar:/home/ajay/Documents/Project Training/MyLocalRepository/javax/enterprise/cdi-api/1.0/cdi-api-1.0.jar:/home/ajay/Documents/Project Training/MyLocalRepository/javax/annotation/jsr250-api/1.0/jsr250-api-1.0.jar:/home/ajay/Documents/Project Training/MyLocalRepository/org/eclipse/sisu/org.eclipse.sisu.inject/0.3.0/org.eclipse.sisu.inject-0.3.0.jar:/home/ajay/Documents/Project Training/MyLocalRepository/org/sonatype/sisu/sisu-guice/3.2.5/sisu-guice-3.2.5-no_aop.jar:/home/ajay/Documents/Project Training/MyLocalRepository/javax/inject/javax.inject/1/javax.inject-1.jar:/home/ajay/Documents/Project Training/MyLocalRepository/aopalliance/aopalliance/1.0/aopalliance-1.0.jar:/home/ajay/Documents/Project Training/MyLocalRepository/org/codehaus/plexus/plexus-interpolation/1.21/plexus-interpolation-1.21.jar:/home/ajay/Documents/Project Training/MyLocalRepository/org/codehaus/plexus/plexus-classworlds/2.5.2/plexus-classworlds-2.5.2.jar:/home/ajay/Documents/Project Training/MyLocalRepository/org/codehaus/plexus/plexus-component-annotations/1.5.5/plexus-component-annotations-1.5.5.jar:/home/ajay/Documents/Project Training/MyLocalRepository/org/sonatype/plexus/plexus-sec-dispatcher/1.3/plexus-sec-dispatcher-1.3.jar:/home/ajay/Documents/Project Training/MyLocalRepository/org/sonatype/plexus/plexus-cipher/1.4/plexus-cipher-1.4.jar:/home/ajay/Documents/Project Training/MyLocalRepository/org/apache/maven/maven-compat/3.5.0/maven-compat-3.5.0.jar:/home/ajay/Documents/Project Training/MyLocalRepository/org/apache/maven/maven-resolver-provider/3.5.0/maven-resolver-provider-3.5.0.jar:/home/ajay/Documents/Project Training/MyLocalRepository/org/apache/maven/resolver/maven-resolver-spi/1.0.3/maven-resolver-spi-1.0.3.jar:/home/ajay/Documents/Project Training/MyLocalRepository/org/apache/maven/resolver/maven-resolver-api/1.0.3/maven-resolver-api-1.0.3.jar:/home/ajay/Documents/Project Training/MyLocalRepository/org/apache/maven/resolver/maven-resolver-util/1.0.3/maven-resolver-util-1.0.3.jar:/home/ajay/Documents/Project Training/MyLocalRepository/org/apache/maven/resolver/maven-resolver-impl/1.0.3/maven-resolver-impl-1.0.3.jar:/home/ajay/Documents/Project Training/MyLocalRepository/org/apache/maven/wagon/wagon-provider-api/2.12/wagon-provider-api-2.12.jar:/home/ajay/Documents/Project Training/MyLocalRepository/org/apache/maven/maven-plugin-api/3.3.1/maven-plugin-api-3.3.1.jar:/home/ajay/Documents/Project Training/MyLocalRepository/org/apache/maven/plugin-tools/maven-plugin-annotations/3.4/maven-plugin-annotations-3.4.jar:/home/ajay/Documents/Project Training/MyLocalRepository/org/openapitools/openapi-generator/5.1.0/openapi-generator-5.1.0.jar:/home/ajay/Documents/Project Training/MyLocalRepository/io/swagger/core/v3/swagger-core/2.1.2/swagger-core-2.1.2.jar:/home/ajay/Documents/Project Training/MyLocalRepository/com/fasterxml/jackson/dataformat/jackson-dataformat-yaml/2.13.4/jackson-dataformat-yaml-2.13.4.jar:/home/ajay/Documents/Project Training/MyLocalRepository/jakarta/validation/jakarta.validation-api/2.0.2/jakarta.validation-api-2.0.2.jar:/home/ajay/Documents/Project Training/MyLocalRepository/io/swagger/parser/v3/swagger-parser/2.0.24/swagger-parser-2.0.24.jar:/home/ajay/Documents/Project Training/MyLocalRepository/io/swagger/parser/v3/swagger-parser-v2-converter/2.0.24/swagger-parser-v2-converter-2.0.24.jar:/home/ajay/Documents/Project Training/MyLocalRepository/io/swagger/swagger-core/1.6.2/swagger-core-1.6.2.jar:/home/ajay/Documents/Project Training/MyLocalRepository/javax/validation/validation-api/2.0.1.Final/validation-api-2.0.1.Final.jar:/home/ajay/Documents/Project Training/MyLocalRepository/io/swagger/swagger-parser/1.0.53/swagger-parser-1.0.53.jar:/home/ajay/Documents/Project Training/MyLocalRepository/io/swagger/swagger-compat-spec-parser/1.0.53/swagger-compat-spec-parser-1.0.53.jar:/home/ajay/Documents/Project Training/MyLocalRepository/com/github/java-json-tools/json-schema-validator/2.2.14/json-schema-validator-2.2.14.jar:/home/ajay/Documents/Project Training/MyLocalRepository/com/github/java-json-tools/jackson-coreutils-equivalence/1.0/jackson-coreutils-equivalence-1.0.jar:/home/ajay/Documents/Project Training/MyLocalRepository/com/github/java-json-tools/json-schema-core/1.2.14/json-schema-core-1.2.14.jar:/home/ajay/Documents/Project Training/MyLocalRepository/com/github/java-json-tools/uri-template/0.10/uri-template-0.10.jar:/home/ajay/Documents/Project Training/MyLocalRepository/org/mozilla/rhino/1.7.7.2/rhino-1.7.7.2.jar:/home/ajay/Documents/Project Training/MyLocalRepository/com/sun/mail/mailapi/1.6.2/mailapi-1.6.2.jar:/home/ajay/Documents/Project Training/MyLocalRepository/com/googlecode/libphonenumber/libphonenumber/8.11.1/libphonenumber-8.11.1.jar:/home/ajay/Documents/Project Training/MyLocalRepository/com/google/code/findbugs/jsr305/3.0.2/jsr305-3.0.2.jar:/home/ajay/Documents/Project Training/MyLocalRepository/net/sf/jopt-simple/jopt-simple/5.0.4/jopt-simple-5.0.4.jar:/home/ajay/Documents/Project Training/MyLocalRepository/com/github/java-json-tools/json-patch/1.13/json-patch-1.13.jar:/home/ajay/Documents/Project Training/MyLocalRepository/com/github/java-json-tools/msg-simple/1.2/msg-simple-1.2.jar:/home/ajay/Documents/Project Training/MyLocalRepository/com/github/java-json-tools/btf/1.3/btf-1.3.jar:/home/ajay/Documents/Project Training/MyLocalRepository/com/github/java-json-tools/jackson-coreutils/2.0/jackson-coreutils-2.0.jar:/home/ajay/Documents/Project Training/MyLocalRepository/org/apache/httpcomponents/httpclient/4.5.14/httpclient-4.5.14.jar:/home/ajay/Documents/Project Training/MyLocalRepository/org/apache/httpcomponents/httpcore/4.4.16/httpcore-4.4.16.jar:/home/ajay/Documents/Project Training/MyLocalRepository/commons-codec/commons-codec/1.15/commons-codec-1.15.jar:/home/ajay/Documents/Project Training/MyLocalRepository/io/swagger/parser/v3/swagger-parser-core/2.0.24/swagger-parser-core-2.0.24.jar:/home/ajay/Documents/Project Training/MyLocalRepository/io/swagger/parser/v3/swagger-parser-v3/2.0.24/swagger-parser-v3-2.0.24.jar:/home/ajay/Documents/Project Training/MyLocalRepository/com/samskivert/jmustache/1.15/jmustache-1.15.jar:/home/ajay/Documents/Project Training/MyLocalRepository/com/github/jknack/handlebars/4.1.2/handlebars-4.1.2.jar:/home/ajay/Documents/Project Training/MyLocalRepository/com/github/jknack/handlebars-jackson2/4.1.2/handlebars-jackson2-4.1.2.jar:/home/ajay/Documents/Project Training/MyLocalRepository/commons-io/commons-io/2.4/commons-io-2.4.jar:/home/ajay/Documents/Project Training/MyLocalRepository/org/slf4j/slf4j-ext/1.7.36/slf4j-ext-1.7.36.jar:/home/ajay/Documents/Project Training/MyLocalRepository/org/slf4j/slf4j-simple/1.7.36/slf4j-simple-1.7.36.jar:/home/ajay/Documents/Project Training/MyLocalRepository/org/apache/commons/commons-lang3/3.12.0/commons-lang3-3.12.0.jar:/home/ajay/Documents/Project Training/MyLocalRepository/commons-cli/commons-cli/1.2/commons-cli-1.2.jar:/home/ajay/Documents/Project Training/MyLocalRepository/com/fasterxml/jackson/datatype/jackson-datatype-guava/2.13.4/jackson-datatype-guava-2.13.4.jar:/home/ajay/Documents/Project Training/MyLocalRepository/com/fasterxml/jackson/core/jackson-core/2.13.4/jackson-core-2.13.4.jar:/home/ajay/Documents/Project Training/MyLocalRepository/com/atlassian/commonmark/commonmark/0.11.0/commonmark-0.11.0.jar:/home/ajay/Documents/Project Training/MyLocalRepository/com/github/mifmif/generex/1.0.2/generex-1.0.2.jar:/home/ajay/Documents/Project Training/MyLocalRepository/dk/brics/automaton/automaton/1.11-8/automaton-1.11-8.jar:/home/ajay/Documents/Project Training/MyLocalRepository/com/github/curious-odd-man/rgxgen/1.3/rgxgen-1.3.jar:/home/ajay/Documents/Project Training/MyLocalRepository/com/fasterxml/jackson/datatype/jackson-datatype-joda/2.13.4/jackson-datatype-joda-2.13.4.jar:/home/ajay/Documents/Project Training/MyLocalRepository/joda-time/joda-time/2.10.8/joda-time-2.10.8.jar:/home/ajay/Documents/Project Training/MyLocalRepository/com/github/joschi/jackson/jackson-datatype-threetenbp/2.10.0/jackson-datatype-threetenbp-2.10.0.jar:/home/ajay/Documents/Project Training/MyLocalRepository/org/threeten/threetenbp/1.4.0/threetenbp-1.4.0.jar:/home/ajay/Documents/Project Training/MyLocalRepository/org/openapitools/openapi-generator-core/5.1.0/openapi-generator-core-5.1.0.jar:/home/ajay/Documents/Project Training/MyLocalRepository/net/java/dev/jna/jna/5.5.0/jna-5.5.0.jar:/home/ajay/Documents/Project Training/MyLocalRepository/com/github/ben-manes/caffeine/caffeine/2.9.3/caffeine-2.9.3.jar:/home/ajay/Documents/Project Training/MyLocalRepository/org/checkerframework/checker-qual/3.19.0/checker-qual-3.19.0.jar:/home/ajay/Documents/Project Training/MyLocalRepository/com/google/errorprone/error_prone_annotations/2.10.0/error_prone_annotations-2.10.0.jar:/home/ajay/Documents/Project Training/MyLocalRepository/org/mapstruct/mapstruct/1.5.2.Final/mapstruct-1.5.2.Final.jar:"/>
    <property name="java.vm.vendor" value="Amazon.com Inc."/>
    <property name="sun.arch.data.model" value="64"/>
    <property name="java.vendor.url" value="https://aws.amazon.com/corretto/"/>
    <property name="os.name" value="Linux"/>
    <property name="java.vm.specification.version" value="17"/>
    <property name="sun.java.launcher" value="SUN_STANDARD"/>
    <property name="user.country" value="IN"/>
    <property name="sun.boot.library.path" value="/home/ajay/.jdks/corretto-17.0.3/lib"/>
    <property name="sun.java.command" value="/home/ajay/Documents/Project Training/Frameworks/DigiShopKart/target/surefire/surefirebooter16599383329078247599.jar /home/ajay/Documents/Project Training/Frameworks/DigiShopKart/target/surefire 2023-02-01T15-43-55_323-jvmRun1 surefire14307316228838331257tmp surefire_016243080257040328665tmp"/>
    <property name="jdk.debug" value="release"/>
    <property name="surefire.test.class.path" value="/home/ajay/Documents/Project Training/Frameworks/DigiShopKart/target/test-classes:/home/ajay/Documents/Project Training/Frameworks/DigiShopKart/target/classes:/home/ajay/Documents/Project Training/MyLocalRepository/org/springframework/boot/spring-boot-starter-data-jpa/2.7.8/spring-boot-starter-data-jpa-2.7.8.jar:/home/ajay/Documents/Project Training/MyLocalRepository/org/springframework/boot/spring-boot-starter-aop/2.7.8/spring-boot-starter-aop-2.7.8.jar:/home/ajay/Documents/Project Training/MyLocalRepository/org/springframework/spring-aop/5.3.25/spring-aop-5.3.25.jar:/home/ajay/Documents/Project Training/MyLocalRepository/org/aspectj/aspectjweaver/1.9.7/aspectjweaver-1.9.7.jar:/home/ajay/Documents/Project Training/MyLocalRepository/org/springframework/boot/spring-boot-starter-jdbc/2.7.8/spring-boot-starter-jdbc-2.7.8.jar:/home/ajay/Documents/Project Training/MyLocalRepository/com/zaxxer/HikariCP/4.0.3/HikariCP-4.0.3.jar:/home/ajay/Documents/Project Training/MyLocalRepository/org/springframework/spring-jdbc/5.3.25/spring-jdbc-5.3.25.jar:/home/ajay/Documents/Project Training/MyLocalRepository/jakarta/transaction/jakarta.transaction-api/1.3.3/jakarta.transaction-api-1.3.3.jar:/home/ajay/Documents/Project Training/MyLocalRepository/jakarta/persistence/jakarta.persistence-api/2.2.3/jakarta.persistence-api-2.2.3.jar:/home/ajay/Documents/Project Training/MyLocalRepository/org/hibernate/hibernate-core/5.6.14.Final/hibernate-core-5.6.14.Final.jar:/home/ajay/Documents/Project Training/MyLocalRepository/org/jboss/logging/jboss-logging/3.4.3.Final/jboss-logging-3.4.3.Final.jar:/home/ajay/Documents/Project Training/MyLocalRepository/net/bytebuddy/byte-buddy/1.12.22/byte-buddy-1.12.22.jar:/home/ajay/Documents/Project Training/MyLocalRepository/antlr/antlr/2.7.7/antlr-2.7.7.jar:/home/ajay/Documents/Project Training/MyLocalRepository/org/jboss/jandex/2.4.2.Final/jandex-2.4.2.Final.jar:/home/ajay/Documents/Project Training/MyLocalRepository/org/hibernate/common/hibernate-commons-annotations/5.1.2.Final/hibernate-commons-annotations-5.1.2.Final.jar:/home/ajay/Documents/Project Training/MyLocalRepository/org/glassfish/jaxb/jaxb-runtime/2.3.7/jaxb-runtime-2.3.7.jar:/home/ajay/Documents/Project Training/MyLocalRepository/org/glassfish/jaxb/txw2/2.3.7/txw2-2.3.7.jar:/home/ajay/Documents/Project Training/MyLocalRepository/com/sun/istack/istack-commons-runtime/3.0.12/istack-commons-runtime-3.0.12.jar:/home/ajay/Documents/Project Training/MyLocalRepository/com/sun/activation/jakarta.activation/1.2.2/jakarta.activation-1.2.2.jar:/home/ajay/Documents/Project Training/MyLocalRepository/org/springframework/data/spring-data-jpa/2.7.7/spring-data-jpa-2.7.7.jar:/home/ajay/Documents/Project Training/MyLocalRepository/org/springframework/data/spring-data-commons/2.7.7/spring-data-commons-2.7.7.jar:/home/ajay/Documents/Project Training/MyLocalRepository/org/springframework/spring-orm/5.3.25/spring-orm-5.3.25.jar:/home/ajay/Documents/Project Training/MyLocalRepository/org/springframework/spring-context/5.3.25/spring-context-5.3.25.jar:/home/ajay/Documents/Project Training/MyLocalRepository/org/springframework/spring-tx/5.3.25/spring-tx-5.3.25.jar:/home/ajay/Documents/Project Training/MyLocalRepository/org/springframework/spring-beans/5.3.25/spring-beans-5.3.25.jar:/home/ajay/Documents/Project Training/MyLocalRepository/org/springframework/spring-aspects/5.3.25/spring-aspects-5.3.25.jar:/home/ajay/Documents/Project Training/MyLocalRepository/org/springframework/boot/spring-boot-starter-web/2.7.8/spring-boot-starter-web-2.7.8.jar:/home/ajay/Documents/Project Training/MyLocalRepository/org/springframework/boot/spring-boot-starter/2.7.8/spring-boot-starter-2.7.8.jar:/home/ajay/Documents/Project Training/MyLocalRepository/org/springframework/boot/spring-boot-starter-logging/2.7.8/spring-boot-starter-logging-2.7.8.jar:/home/ajay/Documents/Project Training/MyLocalRepository/ch/qos/logback/logback-classic/1.2.11/logback-classic-1.2.11.jar:/home/ajay/Documents/Project Training/MyLocalRepository/ch/qos/logback/logback-core/1.2.11/logback-core-1.2.11.jar:/home/ajay/Documents/Project Training/MyLocalRepository/org/apache/logging/log4j/log4j-to-slf4j/2.17.2/log4j-to-slf4j-2.17.2.jar:/home/ajay/Documents/Project Training/MyLocalRepository/org/apache/logging/log4j/log4j-api/2.17.2/log4j-api-2.17.2.jar:/home/ajay/Documents/Project Training/MyLocalRepository/org/slf4j/jul-to-slf4j/1.7.36/jul-to-slf4j-1.7.36.jar:/home/ajay/Documents/Project Training/MyLocalRepository/jakarta/annotation/jakarta.annotation-api/1.3.5/jakarta.annotation-api-1.3.5.jar:/home/ajay/Documents/Project Training/MyLocalRepository/org/yaml/snakeyaml/1.30/snakeyaml-1.30.jar:/home/ajay/Documents/Project Training/MyLocalRepository/org/springframework/boot/spring-boot-starter-json/2.7.8/spring-boot-starter-json-2.7.8.jar:/home/ajay/Documents/Project Training/MyLocalRepository/com/fasterxml/jackson/core/jackson-databind/2.13.4.2/jackson-databind-2.13.4.2.jar:/home/ajay/Documents/Project Training/MyLocalRepository/com/fasterxml/jackson/datatype/jackson-datatype-jdk8/2.13.4/jackson-datatype-jdk8-2.13.4.jar:/home/ajay/Documents/Project Training/MyLocalRepository/com/fasterxml/jackson/datatype/jackson-datatype-jsr310/2.13.4/jackson-datatype-jsr310-2.13.4.jar:/home/ajay/Documents/Project Training/MyLocalRepository/com/fasterxml/jackson/module/jackson-module-parameter-names/2.13.4/jackson-module-parameter-names-2.13.4.jar:/home/ajay/Documents/Project Training/MyLocalRepository/org/springframework/boot/spring-boot-starter-tomcat/2.7.8/spring-boot-starter-tomcat-2.7.8.jar:/home/ajay/Documents/Project Training/MyLocalRepository/org/apache/tomcat/embed/tomcat-embed-core/9.0.71/tomcat-embed-core-9.0.71.jar:/home/ajay/Documents/Project Training/MyLocalRepository/org/apache/tomcat/embed/tomcat-embed-el/9.0.71/tomcat-embed-el-9.0.71.jar:/home/ajay/Documents/Project Training/MyLocalRepository/org/apache/tomcat/embed/tomcat-embed-websocket/9.0.71/tomcat-embed-websocket-9.0.71.jar:/home/ajay/Documents/Project Training/MyLocalRepository/org/springframework/spring-web/5.3.25/spring-web-5.3.25.jar:/home/ajay/Documents/Project Training/MyLocalRepository/org/springframework/spring-webmvc/5.3.25/spring-webmvc-5.3.25.jar:/home/ajay/Documents/Project Training/MyLocalRepository/org/springframework/spring-expression/5.3.25/spring-expression-5.3.25.jar:/home/ajay/Documents/Project Training/MyLocalRepository/org/springframework/boot/spring-boot-devtools/2.7.8/spring-boot-devtools-2.7.8.jar:/home/ajay/Documents/Project Training/MyLocalRepository/org/springframework/boot/spring-boot/2.7.8/spring-boot-2.7.8.jar:/home/ajay/Documents/Project Training/MyLocalRepository/org/springframework/boot/spring-boot-autoconfigure/2.7.8/spring-boot-autoconfigure-2.7.8.jar:/home/ajay/Documents/Project Training/MyLocalRepository/com/mysql/mysql-connector-j/8.0.32/mysql-connector-j-8.0.32.jar:/home/ajay/Documents/Project Training/MyLocalRepository/org/projectlombok/lombok/1.18.24/lombok-1.18.24.jar:/home/ajay/Documents/Project Training/MyLocalRepository/org/springframework/boot/spring-boot-starter-test/2.7.8/spring-boot-starter-test-2.7.8.jar:/home/ajay/Documents/Project Training/MyLocalRepository/org/springframework/boot/spring-boot-test/2.7.8/spring-boot-test-2.7.8.jar:/home/ajay/Documents/Project Training/MyLocalRepository/org/springframework/boot/spring-boot-test-autoconfigure/2.7.8/spring-boot-test-autoconfigure-2.7.8.jar:/home/ajay/Documents/Project Training/MyLocalRepository/com/jayway/jsonpath/json-path/2.7.0/json-path-2.7.0.jar:/home/ajay/Documents/Project Training/MyLocalRepository/net/minidev/json-smart/2.4.8/json-smart-2.4.8.jar:/home/ajay/Documents/Project Training/MyLocalRepository/net/minidev/accessors-smart/2.4.8/accessors-smart-2.4.8.jar:/home/ajay/Documents/Project Training/MyLocalRepository/org/ow2/asm/asm/9.1/asm-9.1.jar:/home/ajay/Documents/Project Training/MyLocalRepository/jakarta/xml/bind/jakarta.xml.bind-api/2.3.3/jakarta.xml.bind-api-2.3.3.jar:/home/ajay/Documents/Project Training/MyLocalRepository/jakarta/activation/jakarta.activation-api/1.2.2/jakarta.activation-api-1.2.2.jar:/home/ajay/Documents/Project Training/MyLocalRepository/org/assertj/assertj-core/3.22.0/assertj-core-3.22.0.jar:/home/ajay/Documents/Project Training/MyLocalRepository/org/hamcrest/hamcrest/2.2/hamcrest-2.2.jar:/home/ajay/Documents/Project Training/MyLocalRepository/org/junit/jupiter/junit-jupiter/5.8.2/junit-jupiter-5.8.2.jar:/home/ajay/Documents/Project Training/MyLocalRepository/org/junit/jupiter/junit-jupiter-api/5.8.2/junit-jupiter-api-5.8.2.jar:/home/ajay/Documents/Project Training/MyLocalRepository/org/opentest4j/opentest4j/1.2.0/opentest4j-1.2.0.jar:/home/ajay/Documents/Project Training/MyLocalRepository/org/junit/platform/junit-platform-commons/1.8.2/junit-platform-commons-1.8.2.jar:/home/ajay/Documents/Project Training/MyLocalRepository/org/apiguardian/apiguardian-api/1.1.2/apiguardian-api-1.1.2.jar:/home/ajay/Documents/Project Training/MyLocalRepository/org/junit/jupiter/junit-jupiter-params/5.8.2/junit-jupiter-params-5.8.2.jar:/home/ajay/Documents/Project Training/MyLocalRepository/org/junit/jupiter/junit-jupiter-engine/5.8.2/junit-jupiter-engine-5.8.2.jar:/home/ajay/Documents/Project Training/MyLocalRepository/org/junit/platform/junit-platform-engine/1.8.2/junit-platform-engine-1.8.2.jar:/home/ajay/Documents/Project Training/MyLocalRepository/org/mockito/mockito-core/4.5.1/mockito-core-4.5.1.jar:/home/ajay/Documents/Project Training/MyLocalRepository/net/bytebuddy/byte-buddy-agent/1.12.22/byte-buddy-agent-1.12.22.jar:/home/ajay/Documents/Project Training/MyLocalRepository/org/objenesis/objenesis/3.2/objenesis-3.2.jar:/home/ajay/Documents/Project Training/MyLocalRepository/org/mockito/mockito-junit-jupiter/4.5.1/mockito-junit-jupiter-4.5.1.jar:/home/ajay/Documents/Project Training/MyLocalRepository/org/skyscreamer/jsonassert/1.5.1/jsonassert-1.5.1.jar:/home/ajay/Documents/Project Training/MyLocalRepository/com/vaadin/external/google/android-json/0.0.20131108.vaadin1/android-json-0.0.20131108.vaadin1.jar:/home/ajay/Documents/Project Training/MyLocalRepository/org/springframework/spring-core/5.3.25/spring-core-5.3.25.jar:/home/ajay/Documents/Project Training/MyLocalRepository/org/springframework/spring-jcl/5.3.25/spring-jcl-5.3.25.jar:/home/ajay/Documents/Project Training/MyLocalRepository/org/springframework/spring-test/5.3.25/spring-test-5.3.25.jar:/home/ajay/Documents/Project Training/MyLocalRepository/org/xmlunit/xmlunit-core/2.9.1/xmlunit-core-2.9.1.jar:/home/ajay/Documents/Project Training/MyLocalRepository/io/springfox/springfox-swagger2/3.0.0/springfox-swagger2-3.0.0.jar:/home/ajay/Documents/Project Training/MyLocalRepository/io/springfox/springfox-spi/3.0.0/springfox-spi-3.0.0.jar:/home/ajay/Documents/Project Training/MyLocalRepository/io/springfox/springfox-core/3.0.0/springfox-core-3.0.0.jar:/home/ajay/Documents/Project Training/MyLocalRepository/io/springfox/springfox-schema/3.0.0/springfox-schema-3.0.0.jar:/home/ajay/Documents/Project Training/MyLocalRepository/io/springfox/springfox-swagger-common/3.0.0/springfox-swagger-common-3.0.0.jar:/home/ajay/Documents/Project Training/MyLocalRepository/io/swagger/core/v3/swagger-annotations/2.1.2/swagger-annotations-2.1.2.jar:/home/ajay/Documents/Project Training/MyLocalRepository/io/springfox/springfox-spring-web/3.0.0/springfox-spring-web-3.0.0.jar:/home/ajay/Documents/Project Training/MyLocalRepository/io/github/classgraph/classgraph/4.8.83/classgraph-4.8.83.jar:/home/ajay/Documents/Project Training/MyLocalRepository/io/springfox/springfox-spring-webmvc/3.0.0/springfox-spring-webmvc-3.0.0.jar:/home/ajay/Documents/Project Training/MyLocalRepository/io/springfox/springfox-spring-webflux/3.0.0/springfox-spring-webflux-3.0.0.jar:/home/ajay/Documents/Project Training/MyLocalRepository/com/fasterxml/classmate/1.5.1/classmate-1.5.1.jar:/home/ajay/Documents/Project Training/MyLocalRepository/org/slf4j/slf4j-api/1.7.36/slf4j-api-1.7.36.jar:/home/ajay/Documents/Project Training/MyLocalRepository/org/springframework/plugin/spring-plugin-core/2.0.0.RELEASE/spring-plugin-core-2.0.0.RELEASE.jar:/home/ajay/Documents/Project Training/MyLocalRepository/org/springframework/plugin/spring-plugin-metadata/2.0.0.RELEASE/spring-plugin-metadata-2.0.0.RELEASE.jar:/home/ajay/Documents/Project Training/MyLocalRepository/io/swagger/swagger-annotations/1.5.20/swagger-annotations-1.5.20.jar:/home/ajay/Documents/Project Training/MyLocalRepository/io/swagger/swagger-models/1.5.20/swagger-models-1.5.20.jar:/home/ajay/Documents/Project Training/MyLocalRepository/com/fasterxml/jackson/core/jackson-annotations/2.13.4/jackson-annotations-2.13.4.jar:/home/ajay/Documents/Project Training/MyLocalRepository/io/springfox/springfox-boot-starter/3.0.0/springfox-boot-starter-3.0.0.jar:/home/ajay/Documents/Project Training/MyLocalRepository/io/springfox/springfox-oas/3.0.0/springfox-oas-3.0.0.jar:/home/ajay/Documents/Project Training/MyLocalRepository/io/swagger/core/v3/swagger-models/2.1.2/swagger-models-2.1.2.jar:/home/ajay/Documents/Project Training/MyLocalRepository/io/springfox/springfox-data-rest/3.0.0/springfox-data-rest-3.0.0.jar:/home/ajay/Documents/Project Training/MyLocalRepository/io/springfox/springfox-swagger-ui/3.0.0/springfox-swagger-ui-3.0.0.jar:/home/ajay/Documents/Project Training/MyLocalRepository/io/springfox/springfox-bean-validators/2.9.2/springfox-bean-validators-2.9.2.jar:/home/ajay/Documents/Project Training/MyLocalRepository/com/google/guava/guava/20.0/guava-20.0.jar:/home/ajay/Documents/Project Training/MyLocalRepository/org/openapitools/openapi-generator-maven-plugin/5.1.0/openapi-generator-maven-plugin-5.1.0.jar:/home/ajay/Documents/Project Training/MyLocalRepository/org/sonatype/plexus/plexus-build-api/0.0.7/plexus-build-api-0.0.7.jar:/home/ajay/Documents/Project Training/MyLocalRepository/org/codehaus/plexus/plexus-utils/1.5.8/plexus-utils-1.5.8.jar:/home/ajay/Documents/Project Training/MyLocalRepository/org/apache/maven/maven-core/3.3.1/maven-core-3.3.1.jar:/home/ajay/Documents/Project Training/MyLocalRepository/org/apache/maven/maven-model/3.3.1/maven-model-3.3.1.jar:/home/ajay/Documents/Project Training/MyLocalRepository/org/apache/maven/maven-settings/3.3.1/maven-settings-3.3.1.jar:/home/ajay/Documents/Project Training/MyLocalRepository/org/apache/maven/maven-settings-builder/3.3.1/maven-settings-builder-3.3.1.jar:/home/ajay/Documents/Project Training/MyLocalRepository/org/apache/maven/maven-builder-support/3.3.1/maven-builder-support-3.3.1.jar:/home/ajay/Documents/Project Training/MyLocalRepository/org/apache/maven/maven-repository-metadata/3.3.1/maven-repository-metadata-3.3.1.jar:/home/ajay/Documents/Project Training/MyLocalRepository/org/apache/maven/maven-artifact/3.3.1/maven-artifact-3.3.1.jar:/home/ajay/Documents/Project Training/MyLocalRepository/org/apache/maven/maven-model-builder/3.3.1/maven-model-builder-3.3.1.jar:/home/ajay/Documents/Project Training/MyLocalRepository/org/apache/maven/maven-aether-provider/3.3.1/maven-aether-provider-3.3.1.jar:/home/ajay/Documents/Project Training/MyLocalRepository/org/eclipse/aether/aether-spi/1.0.2.v20150114/aether-spi-1.0.2.v20150114.jar:/home/ajay/Documents/Project Training/MyLocalRepository/org/eclipse/aether/aether-impl/1.0.2.v20150114/aether-impl-1.0.2.v20150114.jar:/home/ajay/Documents/Project Training/MyLocalRepository/org/eclipse/aether/aether-api/1.0.2.v20150114/aether-api-1.0.2.v20150114.jar:/home/ajay/Documents/Project Training/MyLocalRepository/org/eclipse/aether/aether-util/1.0.2.v20150114/aether-util-1.0.2.v20150114.jar:/home/ajay/Documents/Project Training/MyLocalRepository/org/eclipse/sisu/org.eclipse.sisu.plexus/0.3.0/org.eclipse.sisu.plexus-0.3.0.jar:/home/ajay/Documents/Project Training/MyLocalRepository/javax/enterprise/cdi-api/1.0/cdi-api-1.0.jar:/home/ajay/Documents/Project Training/MyLocalRepository/javax/annotation/jsr250-api/1.0/jsr250-api-1.0.jar:/home/ajay/Documents/Project Training/MyLocalRepository/org/eclipse/sisu/org.eclipse.sisu.inject/0.3.0/org.eclipse.sisu.inject-0.3.0.jar:/home/ajay/Documents/Project Training/MyLocalRepository/org/sonatype/sisu/sisu-guice/3.2.5/sisu-guice-3.2.5-no_aop.jar:/home/ajay/Documents/Project Training/MyLocalRepository/javax/inject/javax.inject/1/javax.inject-1.jar:/home/ajay/Documents/Project Training/MyLocalRepository/aopalliance/aopalliance/1.0/aopalliance-1.0.jar:/home/ajay/Documents/Project Training/MyLocalRepository/org/codehaus/plexus/plexus-interpolation/1.21/plexus-interpolation-1.21.jar:/home/ajay/Documents/Project Training/MyLocalRepository/org/codehaus/plexus/plexus-classworlds/2.5.2/plexus-classworlds-2.5.2.jar:/home/ajay/Documents/Project Training/MyLocalRepository/org/codehaus/plexus/plexus-component-annotations/1.5.5/plexus-component-annotations-1.5.5.jar:/home/ajay/Documents/Project Training/MyLocalRepository/org/sonatype/plexus/plexus-sec-dispatcher/1.3/plexus-sec-dispatcher-1.3.jar:/home/ajay/Documents/Project Training/MyLocalRepository/org/sonatype/plexus/plexus-cipher/1.4/plexus-cipher-1.4.jar:/home/ajay/Documents/Project Training/MyLocalRepository/org/apache/maven/maven-compat/3.5.0/maven-compat-3.5.0.jar:/home/ajay/Documents/Project Training/MyLocalRepository/org/apache/maven/maven-resolver-provider/3.5.0/maven-resolver-provider-3.5.0.jar:/home/ajay/Documents/Project Training/MyLocalRepository/org/apache/maven/resolver/maven-resolver-spi/1.0.3/maven-resolver-spi-1.0.3.jar:/home/ajay/Documents/Project Training/MyLocalRepository/org/apache/maven/resolver/maven-resolver-api/1.0.3/maven-resolver-api-1.0.3.jar:/home/ajay/Documents/Project Training/MyLocalRepository/org/apache/maven/resolver/maven-resolver-util/1.0.3/maven-resolver-util-1.0.3.jar:/home/ajay/Documents/Project Training/MyLocalRepository/org/apache/maven/resolver/maven-resolver-impl/1.0.3/maven-resolver-impl-1.0.3.jar:/home/ajay/Documents/Project Training/MyLocalRepository/org/apache/maven/wagon/wagon-provider-api/2.12/wagon-provider-api-2.12.jar:/home/ajay/Documents/Project Training/MyLocalRepository/org/apache/maven/maven-plugin-api/3.3.1/maven-plugin-api-3.3.1.jar:/home/ajay/Documents/Project Training/MyLocalRepository/org/apache/maven/plugin-tools/maven-plugin-annotations/3.4/maven-plugin-annotations-3.4.jar:/home/ajay/Documents/Project Training/MyLocalRepository/org/openapitools/openapi-generator/5.1.0/openapi-generator-5.1.0.jar:/home/ajay/Documents/Project Training/MyLocalRepository/io/swagger/core/v3/swagger-core/2.1.2/swagger-core-2.1.2.jar:/home/ajay/Documents/Project Training/MyLocalRepository/com/fasterxml/jackson/dataformat/jackson-dataformat-yaml/2.13.4/jackson-dataformat-yaml-2.13.4.jar:/home/ajay/Documents/Project Training/MyLocalRepository/jakarta/validation/jakarta.validation-api/2.0.2/jakarta.validation-api-2.0.2.jar:/home/ajay/Documents/Project Training/MyLocalRepository/io/swagger/parser/v3/swagger-parser/2.0.24/swagger-parser-2.0.24.jar:/home/ajay/Documents/Project Training/MyLocalRepository/io/swagger/parser/v3/swagger-parser-v2-converter/2.0.24/swagger-parser-v2-converter-2.0.24.jar:/home/ajay/Documents/Project Training/MyLocalRepository/io/swagger/swagger-core/1.6.2/swagger-core-1.6.2.jar:/home/ajay/Documents/Project Training/MyLocalRepository/javax/validation/validation-api/2.0.1.Final/validation-api-2.0.1.Final.jar:/home/ajay/Documents/Project Training/MyLocalRepository/io/swagger/swagger-parser/1.0.53/swagger-parser-1.0.53.jar:/home/ajay/Documents/Project Training/MyLocalRepository/io/swagger/swagger-compat-spec-parser/1.0.53/swagger-compat-spec-parser-1.0.53.jar:/home/ajay/Documents/Project Training/MyLocalRepository/com/github/java-json-tools/json-schema-validator/2.2.14/json-schema-validator-2.2.14.jar:/home/ajay/Documents/Project Training/MyLocalRepository/com/github/java-json-tools/jackson-coreutils-equivalence/1.0/jackson-coreutils-equivalence-1.0.jar:/home/ajay/Documents/Project Training/MyLocalRepository/com/github/java-json-tools/json-schema-core/1.2.14/json-schema-core-1.2.14.jar:/home/ajay/Documents/Project Training/MyLocalRepository/com/github/java-json-tools/uri-template/0.10/uri-template-0.10.jar:/home/ajay/Documents/Project Training/MyLocalRepository/org/mozilla/rhino/1.7.7.2/rhino-1.7.7.2.jar:/home/ajay/Documents/Project Training/MyLocalRepository/com/sun/mail/mailapi/1.6.2/mailapi-1.6.2.jar:/home/ajay/Documents/Project Training/MyLocalRepository/com/googlecode/libphonenumber/libphonenumber/8.11.1/libphonenumber-8.11.1.jar:/home/ajay/Documents/Project Training/MyLocalRepository/com/google/code/findbugs/jsr305/3.0.2/jsr305-3.0.2.jar:/home/ajay/Documents/Project Training/MyLocalRepository/net/sf/jopt-simple/jopt-simple/5.0.4/jopt-simple-5.0.4.jar:/home/ajay/Documents/Project Training/MyLocalRepository/com/github/java-json-tools/json-patch/1.13/json-patch-1.13.jar:/home/ajay/Documents/Project Training/MyLocalRepository/com/github/java-json-tools/msg-simple/1.2/msg-simple-1.2.jar:/home/ajay/Documents/Project Training/MyLocalRepository/com/github/java-json-tools/btf/1.3/btf-1.3.jar:/home/ajay/Documents/Project Training/MyLocalRepository/com/github/java-json-tools/jackson-coreutils/2.0/jackson-coreutils-2.0.jar:/home/ajay/Documents/Project Training/MyLocalRepository/org/apache/httpcomponents/httpclient/4.5.14/httpclient-4.5.14.jar:/home/ajay/Documents/Project Training/MyLocalRepository/org/apache/httpcomponents/httpcore/4.4.16/httpcore-4.4.16.jar:/home/ajay/Documents/Project Training/MyLocalRepository/commons-codec/commons-codec/1.15/commons-codec-1.15.jar:/home/ajay/Documents/Project Training/MyLocalRepository/io/swagger/parser/v3/swagger-parser-core/2.0.24/swagger-parser-core-2.0.24.jar:/home/ajay/Documents/Project Training/MyLocalRepository/io/swagger/parser/v3/swagger-parser-v3/2.0.24/swagger-parser-v3-2.0.24.jar:/home/ajay/Documents/Project Training/MyLocalRepository/com/samskivert/jmustache/1.15/jmustache-1.15.jar:/home/ajay/Documents/Project Training/MyLocalRepository/com/github/jknack/handlebars/4.1.2/handlebars-4.1.2.jar:/home/ajay/Documents/Project Training/MyLocalRepository/com/github/jknack/handlebars-jackson2/4.1.2/handlebars-jackson2-4.1.2.jar:/home/ajay/Documents/Project Training/MyLocalRepository/commons-io/commons-io/2.4/commons-io-2.4.jar:/home/ajay/Documents/Project Training/MyLocalRepository/org/slf4j/slf4j-ext/1.7.36/slf4j-ext-1.7.36.jar:/home/ajay/Documents/Project Training/MyLocalRepository/org/slf4j/slf4j-simple/1.7.36/slf4j-simple-1.7.36.jar:/home/ajay/Documents/Project Training/MyLocalRepository/org/apache/commons/commons-lang3/3.12.0/commons-lang3-3.12.0.jar:/home/ajay/Documents/Project Training/MyLocalRepository/commons-cli/commons-cli/1.2/commons-cli-1.2.jar:/home/ajay/Documents/Project Training/MyLocalRepository/com/fasterxml/jackson/datatype/jackson-datatype-guava/2.13.4/jackson-datatype-guava-2.13.4.jar:/home/ajay/Documents/Project Training/MyLocalRepository/com/fasterxml/jackson/core/jackson-core/2.13.4/jackson-core-2.13.4.jar:/home/ajay/Documents/Project Training/MyLocalRepository/com/atlassian/commonmark/commonmark/0.11.0/commonmark-0.11.0.jar:/home/ajay/Documents/Project Training/MyLocalRepository/com/github/mifmif/generex/1.0.2/generex-1.0.2.jar:/home/ajay/Documents/Project Training/MyLocalRepository/dk/brics/automaton/automaton/1.11-8/automaton-1.11-8.jar:/home/ajay/Documents/Project Training/MyLocalRepository/com/github/curious-odd-man/rgxgen/1.3/rgxgen-1.3.jar:/home/ajay/Documents/Project Training/MyLocalRepository/com/fasterxml/jackson/datatype/jackson-datatype-joda/2.13.4/jackson-datatype-joda-2.13.4.jar:/home/ajay/Documents/Project Training/MyLocalRepository/joda-time/joda-time/2.10.8/joda-time-2.10.8.jar:/home/ajay/Documents/Project Training/MyLocalRepository/com/github/joschi/jackson/jackson-datatype-threetenbp/2.10.0/jackson-datatype-threetenbp-2.10.0.jar:/home/ajay/Documents/Project Training/MyLocalRepository/org/threeten/threetenbp/1.4.0/threetenbp-1.4.0.jar:/home/ajay/Documents/Project Training/MyLocalRepository/org/openapitools/openapi-generator-core/5.1.0/openapi-generator-core-5.1.0.jar:/home/ajay/Documents/Project Training/MyLocalRepository/net/java/dev/jna/jna/5.5.0/jna-5.5.0.jar:/home/ajay/Documents/Project Training/MyLocalRepository/com/github/ben-manes/caffeine/caffeine/2.9.3/caffeine-2.9.3.jar:/home/ajay/Documents/Project Training/MyLocalRepository/org/checkerframework/checker-qual/3.19.0/checker-qual-3.19.0.jar:/home/ajay/Documents/Project Training/MyLocalRepository/com/google/errorprone/error_prone_annotations/2.10.0/error_prone_annotations-2.10.0.jar:/home/ajay/Documents/Project Training/MyLocalRepository/org/mapstruct/mapstruct/1.5.2.Final/mapstruct-1.5.2.Final.jar:"/>
    <property name="sun.cpu.endian" value="little"/>
    <property name="user.home" value="/home/ajay"/>
    <property name="user.language" value="en"/>
    <property name="java.specification.vendor" value="Oracle Corporation"/>
    <property name="java.version.date" value="2022-04-19"/>
    <property name="java.home" value="/home/ajay/.jdks/corretto-17.0.3"/>
    <property name="file.separator" value="/"/>
    <property name="basedir" value="/home/ajay/Documents/Project Training/Frameworks/DigiShopKart"/>
    <property name="java.vm.compressedOopsMode" value="Zero based"/>
    <property name="line.separator" value="&#10;"/>
    <property name="java.vm.specification.vendor" value="Oracle Corporation"/>
    <property name="java.specification.name" value="Java Platform API Specification"/>
    <property name="surefire.real.class.path" value="/home/ajay/Documents/Project Training/Frameworks/DigiShopKart/target/surefire/surefirebooter16599383329078247599.jar"/>
    <property name="sun.management.compiler" value="HotSpot 64-Bit Tiered Compilers"/>
    <property name="java.runtime.version" value="17.0.3+6-LTS"/>
    <property name="user.name" value="ajay"/>
    <property name="path.separator" value=":"/>
    <property name="os.version" value="5.15.0-57-generic"/>
    <property name="java.runtime.name" value="OpenJDK Runtime Environment"/>
    <property name="file.encoding" value="UTF-8"/>
    <property name="java.vm.name" value="OpenJDK 64-Bit Server VM"/>
    <property name="java.vendor.version" value="Corretto-17.0.3.6.1"/>
    <property name="localRepository" value="/home/ajay/Documents/Project Training/MyLocalRepository"/>
    <property name="java.vendor.url.bug" value="https://github.com/corretto/corretto-17/issues/"/>
    <property name="java.io.tmpdir" value="/tmp"/>
    <property name="idea.version" value="2022.3.1"/>
    <property name="java.version" value="17.0.3"/>
    <property name="user.dir" value="/home/ajay/Documents/Project Training/Frameworks/DigiShopKart"/>
    <property name="os.arch" value="amd64"/>
    <property name="java.vm.specification.name" value="Java Virtual Machine Specification"/>
    <property name="native.encoding" value="UTF-8"/>
    <property name="java.library.path" value="/usr/java/packages/lib:/usr/lib64:/lib64:/lib:/usr/lib"/>
    <property name="java.vm.info" value="mixed mode, sharing"/>
    <property name="java.vendor" value="Amazon.com Inc."/>
    <property name="java.vm.version" value="17.0.3+6-LTS"/>
    <property name="sun.io.unicode.encoding" value="UnicodeLittle"/>
    <property name="java.class.version" value="61.0"/>
  </properties>
  <testcase name="contextLoads" classname="com.example.digishopkart.DigiShopKartApplicationTests" time="0.161"/>
</testsuite>